\BOOKMARK [1][-]{section.1}{PRESENTACI\323N GENERAL}{}% 1
\BOOKMARK [2][-]{subsection.1.1}{Nombre del Proyecto}{section.1}% 2
\BOOKMARK [2][-]{subsection.1.2}{Dominio}{section.1}% 3
\BOOKMARK [2][-]{subsection.1.3}{\301rea de Aplicaci\363n}{section.1}% 4
\BOOKMARK [2][-]{subsection.1.4}{Duraci\363n del proyecto}{section.1}% 5
\BOOKMARK [1][-]{section.2}{RESPONSABLES DEL PROYECTO}{}% 6
\BOOKMARK [2][-]{subsection.2.1}{Instituci\363n principal del proyecto}{section.2}% 7
\BOOKMARK [2][-]{subsection.2.2}{Patrocinante del proyecto}{section.2}% 8
\BOOKMARK [2][-]{subsection.2.3}{Datos del estudiante}{section.2}% 9
\BOOKMARK [1][-]{section.3}{RESUMEN DEL PROYECTO}{}% 10
\BOOKMARK [1][-]{section.4}{OBJETIVOS GENERALES Y ESPEC\315FICOS}{}% 11
\BOOKMARK [2][-]{subsection.4.1}{Objetivo General}{section.4}% 12
\BOOKMARK [2][-]{subsection.4.2}{Objetivos Espec\355ficos}{section.4}% 13
\BOOKMARK [1][-]{section.5}{DESCRIPCI\323N DEL PROYECTO}{}% 14
\BOOKMARK [2][-]{subsection.5.1}{Introducci\363n}{section.5}% 15
\BOOKMARK [2][-]{subsection.5.2}{Nivel actual}{section.5}% 16
\BOOKMARK [3][-]{subsubsection.5.2.1}{Departamento de Aseguramiento de la Calidad e Innovaci\363n Curricular \(DACIC\)}{subsection.5.2}% 17
\BOOKMARK [3][-]{subsubsection.5.2.2}{Departamento de Admisi\363n y Matr\355cula}{subsection.5.2}% 18
\BOOKMARK [3][-]{subsubsection.5.2.3}{Departamento de Registro Acad\351mico Estudiantil}{subsection.5.2}% 19
\BOOKMARK [2][-]{subsection.5.3}{Motivaci\363n}{section.5}% 20
\BOOKMARK [2][-]{subsection.5.4}{Impactos}{section.5}% 21
\BOOKMARK [1][-]{section*.7}{REFERENCIAS}{}% 22
\BOOKMARK [1][-]{section.6}{RESULTADOS VERIFICABLES RELACIONADOS CON LOS OBJETIVOS ESPEC\315FICOS DEL \040PROYECTO}{}% 23
\BOOKMARK [1][-]{section.7}{DESCRIPCI\323N DE LA METODOLOG\315A}{}% 24
\BOOKMARK [1][-]{section.8}{EXISTENCIA DE AVANCES RELACIONADAS CON EL PROYECTO}{}% 25
\BOOKMARK [1][-]{section.9}{PRODUCTOS E IDENTIFICADORES DE LOGROS}{}% 26
\BOOKMARK [1][-]{section.10}{DESCRIPCI\323N DEL ROL DE LOS INTEGRANTES DE EQUIPO DE TRABAJO}{}% 27
\BOOKMARK [1][-]{section.11}{PLAN DE TRABAJO }{}% 28
\BOOKMARK [1][-]{section.12}{PRESUPUESTO DE PROYECTO }{}% 29
\BOOKMARK [2][-]{subsection.12.1}{Justificaci\363n}{section.12}% 30
\BOOKMARK [1][-]{section.13}{PLAN DE DIFUSI\323N DEL PROYECTO }{}% 31
