\BOOKMARK [1][-]{section*.1}{\315NDICE}{}% 1
\BOOKMARK [1][-]{section*.3}{\315NDICE DE TABLAS}{}% 2
\BOOKMARK [1][-]{section*.5}{\315NDICE DE FIGURAS}{}% 3
\BOOKMARK [1][-]{section*.7}{RESUMEN}{}% 4
\BOOKMARK [1][-]{section*.8}{ABSTRACT}{}% 5
\BOOKMARK [1][-]{section.1}{INTRODUCCI\323N}{}% 6
\BOOKMARK [2][-]{subsection.1.1}{Definici\363n del Proyecto}{section.1}% 7
\BOOKMARK [3][-]{subsubsection.1.1.1}{Objetivo general}{subsection.1.1}% 8
\BOOKMARK [3][-]{subsubsection.1.1.2}{Objetivos espec\355ficos}{subsection.1.1}% 9
\BOOKMARK [2][-]{subsection.1.2}{Nivel actual}{section.1}% 10
\BOOKMARK [3][-]{subsubsection.1.2.1}{Departamento de Aseguramiento de la Calidad e Innovaci\363n Curricular \(DACIC\)}{subsection.1.2}% 11
\BOOKMARK [4][-]{paragraph.1.2.1.1}{Apoyo al Desarrollo y la Innovaci\363n Curricular en Pregrado}{subsubsection.1.2.1}% 12
\BOOKMARK [3][-]{subsubsection.1.2.2}{Departamento de Admisi\363n y Matr\355cula}{subsection.1.2}% 13
\BOOKMARK [4][-]{paragraph.1.2.2.1}{Servicios estudiantiles}{subsubsection.1.2.2}% 14
\BOOKMARK [3][-]{subsubsection.1.2.3}{Departamento de Registro Acad\351mico Estudiantil}{subsection.1.2}% 15
\BOOKMARK [4][-]{paragraph.1.2.3.1}{Procesos:}{subsubsection.1.2.3}% 16
\BOOKMARK [4][-]{paragraph.1.2.3.2}{Creaci\363n de nuevas Carreras}{subsubsection.1.2.3}% 17
\BOOKMARK [4][-]{paragraph.1.2.3.3}{Modificaciones Curriculares Mayores y/o Menores}{subsubsection.1.2.3}% 18
\BOOKMARK [1][-]{section.2}{MARCO TE\323RICO}{}% 19
\BOOKMARK [2][-]{subsection.2.1}{Arquitectura}{section.2}% 20
\BOOKMARK [3][-]{subsubsection.2.1.1}{Cliente-servidor}{subsection.2.1}% 21
\BOOKMARK [3][-]{subsubsection.2.1.2}{MVC?}{subsection.2.1}% 22
\BOOKMARK [2][-]{subsection.2.2}{Tecnolog\355as para el desarrollo de la plataforma}{section.2}% 23
\BOOKMARK [3][-]{subsubsection.2.2.1}{Front-end}{subsection.2.2}% 24
\BOOKMARK [4][-]{paragraph.2.2.1.1}{JQuery}{subsubsection.2.2.1}% 25
\BOOKMARK [4][-]{paragraph.2.2.1.2}{Alertify}{subsubsection.2.2.1}% 26
\BOOKMARK [4][-]{paragraph.2.2.1.3}{Boostrap}{subsubsection.2.2.1}% 27
\BOOKMARK [4][-]{paragraph.2.2.1.4}{Template Metis}{subsubsection.2.2.1}% 28
\BOOKMARK [4][-]{paragraph.2.2.1.5}{Parsley}{subsubsection.2.2.1}% 29
\BOOKMARK [3][-]{subsubsection.2.2.2}{Back-end}{subsection.2.2}% 30
\BOOKMARK [4][-]{paragraph.2.2.2.1}{Microsoft SQL Server 2008}{subsubsection.2.2.2}% 31
\BOOKMARK [4][-]{paragraph.2.2.2.2}{ASP.NET}{subsubsection.2.2.2}% 32
\BOOKMARK [1][-]{section.3}{DESARROLLO DEL SISTEMA}{}% 33
\BOOKMARK [2][-]{subsection.3.1}{Planificaci\363n}{section.3}% 34
\BOOKMARK [3][-]{subsubsection.3.1.1}{Metodolog\355a}{subsection.3.1}% 35
\BOOKMARK [3][-]{subsubsection.3.1.2}{Plan de trabajo}{subsection.3.1}% 36
\BOOKMARK [3][-]{subsubsection.3.1.3}{Validaci\363n}{subsection.3.1}% 37
\BOOKMARK [2][-]{subsection.3.2}{An\341lisis}{section.3}% 38
\BOOKMARK [3][-]{subsubsection.3.2.1}{Requerimientos}{subsection.3.2}% 39
\BOOKMARK [3][-]{subsubsection.3.2.2}{Modelo conceptual}{subsection.3.2}% 40
\BOOKMARK [3][-]{subsubsection.3.2.3}{Casos de uso}{subsection.3.2}% 41
\BOOKMARK [2][-]{subsection.3.3}{Dise\361o e implementaci\363n}{section.3}% 42
\BOOKMARK [3][-]{subsubsection.3.3.1}{Diagramas de componentes}{subsection.3.3}% 43
\BOOKMARK [3][-]{subsubsection.3.3.2}{Modelo de datos}{subsection.3.3}% 44
\BOOKMARK [3][-]{subsubsection.3.3.3}{M\363dulo historial curricular}{subsection.3.3}% 45
\BOOKMARK [3][-]{subsubsection.3.3.4}{Metodolog\355a}{subsection.3.3}% 46
\BOOKMARK [2][-]{subsection.3.4}{Validaci\363n del software}{section.3}% 47
\BOOKMARK [1][-]{section*.12}{BIBLIOGRAF\315A}{}% 48
